<?xml version="1.0" encoding="UTF-8"?>
<testng-results ignored="0" total="1" passed="1" failed="0" skipped="0">
  <reporter-output>
  </reporter-output>
  <suite started-at="2025-02-28T22:35:00 BDT" name="TRADEX User Login Automation Suite" finished-at="2025-02-28T22:35:07 BDT" duration-ms="6720">
    <groups>
    </groups>
    <test started-at="2025-02-28T22:35:00 BDT" name="User can successfully login" finished-at="2025-02-28T22:35:07 BDT" duration-ms="6720">
      <class name="RunAutomation">
        <test-method signature="setup()[pri:0, instance:RunAutomation@48aaecc3]" started-at="2025-02-28T22:35:00 BDT" name="setup" finished-at="2025-02-28T22:35:07 BDT" duration-ms="6637" status="PASS">
          <reporter-output>
          </reporter-output>
        </test-method> <!-- setup -->
      </class> <!-- RunAutomation -->
    </test> <!-- User can successfully login -->
  </suite> <!-- TRADEX User Login Automation Suite -->
</testng-results>
